---------------------4712-01-01--------------------
Rename episodes using [TheTVDB]
Auto-detected query: [South Park]
Fetching episode data for [South Park]
Fetching episode data for [South Pacific]
[MOVE] From [/home/daytonn/Downloads/TV Shows/SouthPark-Season19/South Park - S19E06 - Tweek x Craig.mkv] to [/mnt/5TB/TV Shows/South Park/Season 19/South Park - S19E06 - Tweek x Craig.mkv]
Processed 1 files
Rename episodes using [TheTVDB]
Auto-detected query: [South Park]
Fetching episode data for [South Park]
Fetching episode data for [South Pacific]
[MOVE] From [/home/daytonn/Downloads/TV Shows/SouthPark-Season19/South Park - S19E08 - Sponsored Content.mkv] to [/mnt/5TB/TV Shows/South Park/Season 19/South Park - S19E08 - Sponsored Content.mkv]
Processed 1 files
Rename episodes using [TheTVDB]
Auto-detected query: [South Park]
Fetching episode data for [South Park]
Fetching episode data for [South Pacific]
[MOVE] From [/home/daytonn/Downloads/TV Shows/SouthPark-Season19/South Park - S19E09 - Truth and Advertising.mkv] to [/mnt/5TB/TV Shows/South Park/Season 19/South Park - S19E09 - Truth and Advertising.mkv]
Processed 1 files
Rename episodes using [TheTVDB]
Auto-detected query: [South Park]
Fetching episode data for [South Park]
Fetching episode data for [South Pacific]
[MOVE] From [/home/daytonn/Downloads/TV Shows/SouthPark-Season19/South Park - S19E05 - Safe Space.mkv] to [/mnt/5TB/TV Shows/South Park/Season 19/South Park - S19E05 - Safe Space.mkv]
Processed 1 files
Rename episodes using [TheTVDB]
Auto-detected query: [South Park]
Fetching episode data for [South Park]
Fetching episode data for [South Pacific]
[MOVE] From [/home/daytonn/Downloads/TV Shows/SouthPark-Season19/South Park - S19E01 - Stunning and Brave.mkv] to [/mnt/5TB/TV Shows/South Park/Season 19/South Park - S19E01 - Stunning and Brave.mkv]
Processed 1 files
Rename episodes using [TheTVDB]
Auto-detected query: [South Park]
Fetching episode data for [South Park]
Fetching episode data for [South Pacific]
[MOVE] From [/home/daytonn/Downloads/TV Shows/SouthPark-Season19/South Park - S19E07 - Naughty Ninjas.mkv] to [/mnt/5TB/TV Shows/South Park/Season 19/South Park - S19E07 - Naughty Ninjas.mkv]
Processed 1 files
Rename episodes using [TheTVDB]
Auto-detected query: [South Park]
Fetching episode data for [South Park]
Fetching episode data for [South Pacific]
[MOVE] From [/home/daytonn/Downloads/TV Shows/SouthPark-Season19/South Park - S19E04 - You're Not Yelping.mkv] to [/mnt/5TB/TV Shows/South Park/Season 19/South Park - S19E04 - You're Not Yelping.mkv]
Processed 1 files
Rename episodes using [TheTVDB]
Auto-detected query: [South Park]
Fetching episode data for [South Park]
Fetching episode data for [South Pacific]
[MOVE] From [/home/daytonn/Downloads/TV Shows/SouthPark-Season19/South Park - S19E10 - PC Principal Final Justice.mkv] to [/mnt/5TB/TV Shows/South Park/Season 19/South Park - S19E10 - PC Principal Final Justice.mkv]
Processed 1 files
Rename episodes using [TheTVDB]
Auto-detected query: [South Park]
Fetching episode data for [South Park]
Fetching episode data for [South Pacific]
[MOVE] From [/home/daytonn/Downloads/TV Shows/SouthPark-Season19/South Park - S19E02 - Where My Country Gone.mkv] to [/mnt/5TB/TV Shows/South Park/Season 19/South Park - S19E02 - Where My Country Gone.mkv]
Processed 1 files
Rename episodes using [TheTVDB]
Auto-detected query: [South Park]
Fetching episode data for [South Park]
Fetching episode data for [South Pacific]
[MOVE] From [/home/daytonn/Downloads/TV Shows/SouthPark-Season19/South Park - S19E03 - The City Part of Town.mkv] to [/mnt/5TB/TV Shows/South Park/Season 19/South Park - S19E03 - The City Part of Town.mkv]
Processed 1 files
-----------------------------------------------------


---------------------4712-01-01--------------------
Rename episodes using [TheTVDB]
Auto-detected query: [South Park]
Fetching episode data for [South Park]
Fetching episode data for [South Pacific]
[MOVE] From [/home/daytonn/Downloads/TV Shows/South.Park.S21E02.720p.HDTV.x264-AVS[rarbg]/South.Park.S21E02.720p.HDTV.x264-AVS.mkv] to [/mnt/5TB/TV Shows/South Park/Season 21/South Park - S21E02 - Put It Down.mkv]
Processed 1 files
-----------------------------------------------------


---------------------4712-01-01--------------------
Rename episodes using [TheTVDB]
Auto-detected query: [South Park]
Fetching episode data for [South Park]
Fetching episode data for [South Pacific]
[MOVE] From [/home/daytonn/Downloads/TV Shows/South.Park.S21E06.HDTV.x264-SVA[rarbg]/South.Park.S21E06.HDTV.x264-SVA.mkv] to [/mnt/5TB/TV Shows/South Park/Season 21/South Park - S21E06 - Sons A Witches.mkv]
Processed 1 files
-----------------------------------------------------


---------------------4712-01-01--------------------
Rename episodes using [TheTVDB]
Auto-detected query: [South Park]
Fetching episode data for [South Park]
Fetching episode data for [South Pacific]
[MOVE] From [/home/daytonn/Downloads/TV Shows/South.Park.S21E03.720p.HDTV.x264-AVS[rarbg]/South.Park.S21E03.720p.HDTV.x264-AVS.mkv] to [/mnt/5TB/TV Shows/South Park/Season 21/South Park - S21E03 - Holiday Special.mkv]
Processed 1 files
-----------------------------------------------------


---------------------4712-01-01--------------------
Rename episodes using [TheTVDB]
Auto-detected query: [South Park]
Fetching episode data for [South Park]
Fetching episode data for [South Pacific]
[MOVE] From [/home/daytonn/Downloads/TV Shows/South.Park.S21E04.720p.HDTV.x264-AVS[rarbg]/South.Park.S21E04.720p.HDTV.x264-AVS.mkv] to [/mnt/5TB/TV Shows/South Park/Season 21/South Park - S21E04 - Franchise Prequel.mkv]
Processed 1 files
-----------------------------------------------------


---------------------4712-01-01--------------------
Rename episodes using [TheTVDB]
Auto-detected query: [South Park]
Fetching episode data for [South Park]
Fetching episode data for [South Pacific]
[MOVE] From [/home/daytonn/Downloads/TV Shows/South.Park.S21E07.720p.HDTV.x264-AVS[rarbg]/South.Park.S21E07.720p.HDTV.x264-AVS.mkv] to [/mnt/5TB/TV Shows/South Park/Season 21/South Park - S21E07 - Doubling Down.mkv]
Processed 1 files
-----------------------------------------------------


---------------------4712-01-01--------------------
Rename episodes using [TheTVDB]
Auto-detected query: [South Park]
Fetching episode data for [South Park]
Fetching episode data for [South Pacific]
[MOVE] From [/home/daytonn/Downloads/TV Shows/South.Park.S21E05.HDTV.x264-SVA[rarbg]/South.Park.S21E05.HDTV.x264-SVA.mkv] to [/mnt/5TB/TV Shows/South Park/Season 21/South Park - S21E05 - Hummels & Heroin.mkv]
Processed 1 files
-----------------------------------------------------


---------------------4712-01-01--------------------
Rename episodes using [TheTVDB]
Auto-detected query: [South Park]
Fetching episode data for [South Park]
Fetching episode data for [South Pacific]
[MOVE] From [/home/daytonn/Downloads/TV Shows/South.Park.S21E08.720p.HDTV.x264-AVS[rarbg]/South.Park.S21E08.720p.HDTV.x264-AVS.mkv] to [/mnt/5TB/TV Shows/South Park/Season 21/South Park - S21E08 - Moss Piglets.mkv]
Processed 1 files
-----------------------------------------------------


---------------------4712-01-01--------------------
Rename episodes using [TheTVDB]
Auto-detected query: [South Park]
Fetching episode data for [South Park]
Fetching episode data for [South Pacific]
[MOVE] From [/home/daytonn/Downloads/TV Shows/South.Park.S21E10.720p.HDTV.x264-AVS[rarbg]/South.Park.S21E10.720p.HDTV.x264-AVS.mkv] to [/mnt/5TB/TV Shows/South Park/Season 21/South Park - S21E10 - Splatty Tomato.mkv]
Processed 1 files
-----------------------------------------------------


---------------------4712-01-01--------------------
Rename episodes using [TheTVDB]
Auto-detected query: [South Park]
Fetching episode data for [South Park]
Fetching episode data for [South Pacific]
[MOVE] From [/home/daytonn/Downloads/TV Shows/South.Park.S21E09.720p.HDTV.x264-AVS[rarbg]/South.Park.S21E09.720p.HDTV.x264-AVS.mkv] to [/mnt/5TB/TV Shows/South Park/Season 21/South Park - S21E09 - SUPER HARD PCness.mkv]
Processed 1 files
-----------------------------------------------------
